[debug] [2021-09-09T11:15:01.863Z] ----------------------------------------------------------------------
[debug] [2021-09-09T11:15:01.866Z] Command:       /usr/local/bin/firebase /home/oliver/.cache/firebase/tools/lib/node_modules/firebase-tools/lib/bin/firebase init
[debug] [2021-09-09T11:15:01.867Z] CLI Version:   9.18.0
[debug] [2021-09-09T11:15:01.867Z] Platform:      linux
[debug] [2021-09-09T11:15:01.867Z] Node Version:  v12.18.1
[debug] [2021-09-09T11:15:01.867Z] Time:          Thu Sep 09 2021 08:15:01 GMT-0300 (Brasilia Standard Time)
[debug] [2021-09-09T11:15:01.868Z] ----------------------------------------------------------------------
[debug] 
[debug] [2021-09-09T11:15:01.877Z] > command requires scopes: ["email","openid","https://www.googleapis.com/auth/cloudplatformprojects.readonly","https://www.googleapis.com/auth/firebase","https://www.googleapis.com/auth/cloud-platform"]
[debug] [2021-09-09T11:15:01.877Z] > authorizing via signed-in user (matthewstoledo@gmail.com)
[info] 
     ######## #### ########  ######## ########     ###     ######  ########
     ##        ##  ##     ## ##       ##     ##  ##   ##  ##       ##
     ######    ##  ########  ######   ########  #########  ######  ######
     ##        ##  ##    ##  ##       ##     ## ##     ##       ## ##
     ##       #### ##     ## ######## ########  ##     ##  ######  ########

You're about to initialize a Firebase project in this directory:

  /home/oliver/Documents/day_office-my_version

[info] 
=== Project Setup
[info] 
[info] First, let's associate this project directory with a Firebase project.
[info] You can create multiple project aliases by running firebase use --add, 
[info] but for now we'll just set up a default project.
[info] 
[debug] [2021-09-09T11:16:17.882Z] >>> [apiv2][query] GET https://firebase.googleapis.com/v1beta1/projects pageSize=100
[debug] [2021-09-09T11:16:18.879Z] <<< [apiv2][status] GET https://firebase.googleapis.com/v1beta1/projects 200
[debug] [2021-09-09T11:16:18.879Z] <<< [apiv2][body] GET https://firebase.googleapis.com/v1beta1/projects [omitted]
[info] i  Using project dayoffice-7f498 (DayOffice) 
[info] 
=== Hosting Setup
[info] 
[info] Your public directory is the folder (relative to your project directory) that
[info] will contain Hosting assets to be uploaded with firebase deploy. If you
[info] have a build process for your assets, use your build's output directory.
[info] 
[debug] [2021-09-09T11:16:42.928Z] >>> [apiv2][query] GET https://www.gstatic.com/firebasejs/releases.json [none]
[debug] [2021-09-09T11:16:43.097Z] <<< [apiv2][status] GET https://www.gstatic.com/firebasejs/releases.json 200
[debug] [2021-09-09T11:16:43.099Z] <<< [apiv2][body] GET https://www.gstatic.com/firebasejs/releases.json {"current":{"version":"9.0.1","browserURL":"https://www.gstatic.com/firebasejs/9.0.1/firebase.js","packageURL":"https://www.gstatic.com/firebasejs/9.0.1/firebase.tgz"},"live":{"version":"9.0","browserURL":"https://www.gstatic.com/firebasejs/live/9.0/firebase.js","packageURL":"https://www.gstatic.com/firebasejs/live/9.0/firebase.tgz"},"components":{"analytics":"https://www.gstatic.com/firebasejs/9.0.1/firebase-analytics.js","app":"https://www.gstatic.com/firebasejs/9.0.1/firebase-app.js","app-check":"https://www.gstatic.com/firebasejs/9.0.1/firebase-app-check.js","auth":"https://www.gstatic.com/firebasejs/9.0.1/firebase-auth.js","auth/cordova":"https://www.gstatic.com/firebasejs/9.0.1/firebase-auth/cordova.js","auth/react-native":"https://www.gstatic.com/firebasejs/9.0.1/firebase-auth/react-native.js","functions":"https://www.gstatic.com/firebasejs/9.0.1/firebase-functions.js","firestore":"https://www.gstatic.com/firebasejs/9.0.1/firebase-firestore.js","firestore/lite":"https://www.gstatic.com/firebasejs/9.0.1/firebase-firestore/lite.js","storage":"https://www.gstatic.com/firebasejs/9.0.1/firebase-storage.js","performance":"https://www.gstatic.com/firebasejs/9.0.1/firebase-performance.js","remote-config":"https://www.gstatic.com/firebasejs/9.0.1/firebase-remote-config.js","messaging":"https://www.gstatic.com/firebasejs/9.0.1/firebase-messaging.js","messaging/sw":"https://www.gstatic.com/firebasejs/9.0.1/firebase-messaging/sw.js","database":"https://www.gstatic.com/firebasejs/9.0.1/firebase-database.js","firestore.memory":"https://www.gstatic.com/firebasejs/9.0.1/firebase-firestore.memory.js"}}
[info] ✔  Wrote yes/index.html 
[info] 
[info] i  Detected a .git folder at /home/oliver/Documents/day_office-my_version 
[info] i  Authorizing with GitHub to upload your service account to a GitHub repository's secrets store. 
[info] 
[info] Visit this URL on this device to log in:
[info] https://github.com/login/oauth/authorize?client_id=89cf50f02ac6aaed3484&state=252703636&redirect_uri=http%3A%2F%2Flocalhost%3A9005&scope=read%3Auser%20repo%20public_repo
[info] 
[info] Waiting for authentication...
[debug] [2021-09-09T11:18:05.192Z] >>> HTTP REQUEST POST https://github.com/login/oauth/access_token  
 {"client_id":"89cf50f02ac6aaed3484","client_secret":"3330d14abc895d9a74d5f17cd7a00711fa2c5bf0","code":"32379f5ddd87b5db8b8f","redirect_uri":"http://localhost:9005","state":"252703636"}
[debug] [2021-09-09T11:18:05.522Z] <<< HTTP RESPONSE 200 {"server":"GitHub.com","date":"Thu, 09 Sep 2021 11:18:05 GMT","content-type":"application/json; charset=utf-8","transfer-encoding":"chunked","vary":"X-PJAX, X-PJAX-Container, Accept-Encoding, Accept, X-Requested-With","permissions-policy":"interest-cohort=()","etag":"W/\"e60f906470bfef561f19ea84ddb18bd9\"","cache-control":"max-age=0, private, must-revalidate","strict-transport-security":"max-age=31536000; includeSubdomains; preload","x-frame-options":"deny","x-content-type-options":"nosniff","x-xss-protection":"0","referrer-policy":"origin-when-cross-origin, strict-origin-when-cross-origin","expect-ct":"max-age=2592000, report-uri=\"https://api.github.com/_private/browser/errors\"","content-security-policy":"default-src 'none'; base-uri 'self'; block-all-mixed-content; connect-src 'self' uploads.github.com www.githubstatus.com collector.githubapp.com api.github.com github-cloud.s3.amazonaws.com github-production-repository-file-5c1aeb.s3.amazonaws.com github-production-upload-manifest-file-7fdce7.s3.amazonaws.com github-production-user-asset-6210df.s3.amazonaws.com cdn.optimizely.com logx.optimizely.com/v1/events translator.github.com wss://alive.github.com; font-src github.githubassets.com; form-action 'self' github.com gist.github.com; frame-ancestors 'none'; frame-src render.githubusercontent.com viewscreen.githubusercontent.com; img-src 'self' data: github.githubassets.com identicons.github.com collector.githubapp.com github-cloud.s3.amazonaws.com secured-user-images.githubusercontent.com/ *.githubusercontent.com; manifest-src 'self'; media-src 'none'; script-src github.githubassets.com; style-src 'unsafe-inline' github.githubassets.com; worker-src github.com/socket-worker-7c2abeb0.js gist.github.com/socket-worker-7c2abeb0.js","x-github-request-id":"D0E8:2202:34FF22:3C75C9:6139ED6D"}
[debug] [2021-09-09T11:18:05.534Z] >>> [apiv2][query] GET https://api.github.com/user [none]
[debug] [2021-09-09T11:18:05.932Z] <<< [apiv2][status] GET https://api.github.com/user 200
[debug] [2021-09-09T11:18:05.932Z] <<< [apiv2][body] GET https://api.github.com/user {"login":"MatthewsTomts","id":71537027,"node_id":"MDQ6VXNlcjcxNTM3MDI3","avatar_url":"https://avatars.githubusercontent.com/u/71537027?v=4","gravatar_id":"","url":"https://api.github.com/users/MatthewsTomts","html_url":"https://github.com/MatthewsTomts","followers_url":"https://api.github.com/users/MatthewsTomts/followers","following_url":"https://api.github.com/users/MatthewsTomts/following{/other_user}","gists_url":"https://api.github.com/users/MatthewsTomts/gists{/gist_id}","starred_url":"https://api.github.com/users/MatthewsTomts/starred{/owner}{/repo}","subscriptions_url":"https://api.github.com/users/MatthewsTomts/subscriptions","organizations_url":"https://api.github.com/users/MatthewsTomts/orgs","repos_url":"https://api.github.com/users/MatthewsTomts/repos","events_url":"https://api.github.com/users/MatthewsTomts/events{/privacy}","received_events_url":"https://api.github.com/users/MatthewsTomts/received_events","type":"User","site_admin":false,"name":"Matheus da Silva Farias","company":null,"blog":"","location":"São Paulo","email":null,"hireable":true,"bio":"Eu tenho 18 anos e sei um pouco de Inglês, Java e Python, HTML, CSS e JS","twitter_username":null,"public_repos":8,"public_gists":1,"followers":5,"following":7,"created_at":"2020-09-19T02:50:36Z","updated_at":"2021-09-04T17:02:34Z","private_gists":0,"total_private_repos":2,"owned_private_repos":2,"disk_usage":122110,"collaborators":0,"two_factor_authentication":true,"plan":{"name":"free","space":976562499,"collaborators":0,"private_repos":10000}}
[info] 
[info] ✔  Success! Logged into GitHub as MatthewsTomts 
[info] 
[debug] [2021-09-09T11:18:45.248Z] >>> [apiv2][query] GET https://api.github.com/repos//actions/secrets/public-key type=owner
[debug] [2021-09-09T11:18:45.555Z] <<< [apiv2][status] GET https://api.github.com/repos//actions/secrets/public-key 404
[debug] [2021-09-09T11:18:45.556Z] <<< [apiv2][body] GET https://api.github.com/repos//actions/secrets/public-key {"message":"Not Found","documentation_url":"https://docs.github.com/rest"}
[debug] [2021-09-09T11:18:47.826Z] >>> [apiv2][query] GET https://api.github.com/repos//actions/secrets/public-key type=owner
[debug] [2021-09-09T11:18:48.114Z] <<< [apiv2][status] GET https://api.github.com/repos//actions/secrets/public-key 404
[debug] [2021-09-09T11:18:48.114Z] <<< [apiv2][body] GET https://api.github.com/repos//actions/secrets/public-key {"message":"Not Found","documentation_url":"https://docs.github.com/rest"}
[debug] [2021-09-09T11:19:25.001Z] >>> [apiv2][query] GET https://api.github.com/repos/day_office-my_version/actions/secrets/public-key type=owner
[debug] [2021-09-09T11:19:25.295Z] <<< [apiv2][status] GET https://api.github.com/repos/day_office-my_version/actions/secrets/public-key 404
[debug] [2021-09-09T11:19:25.295Z] <<< [apiv2][body] GET https://api.github.com/repos/day_office-my_version/actions/secrets/public-key {"message":"Not Found","documentation_url":"https://docs.github.com/rest"}
